dumping the results
runtime.goexit.abi0;runtime.main;main.main;runtime.asyncPreempt.abi0;runtime.mcall;runtime.gopreempt_m;runtime.goschedImpl;runtime.schedule;gogo 1
runtime.goexit.abi0;runtime.main;runtime.sigreturn.abi0;runtime.sigtramp.abi0;runtime.sigtrampgo;runtime.sighandler;runtime.doSigPreempt 1
runtime.goexit.abi0;runtime.main;main.main;time.Now;time.now;__vdso_clock_gettime 1
runtime.goexit.abi0;runtime.main;main.main;runtime.asyncPreempt.abi0;runtime.mcall;runtime.gopreempt_m;runtime.goschedImpl;runtime.unlock2 1
runtime.mstart.abi0;runtime.mstart0;runtime.mstart1;runtime.sysmon;runtime.retake;runtime.preemptone;runtime.signalM 1
runtime.goexit.abi0;runtime.main;main.main;time.Since;runtime.nanotime1.abi0 1
runtime.goexit.abi0;runtime.main;main.main;runtime.asyncPreempt.abi0;runtime.mcall;runtime.gopreempt_m;runtime.goschedImpl 1
runtime.goexit.abi0;runtime.main;main.main;time.now 1
runtime.mstart.abi0;runtime.mstart0;runtime.mstart1;runtime.sysmon;runtime.unlock2 1
runtime.goexit.abi0;runtime.main;runtime.morestack.abi0;runtime.newstack;runtime.gopreempt_m;runtime.goschedImpl;runtime.schedule;gogo 1
runtime.mstart.abi0;runtime.mstart0;runtime.mstart1;runtime.sysmon;runtime.nanotime1.abi0;__vdso_clock_gettime 1
runtime.mstart.abi0;runtime.mstart0;runtime.mstart1;runtime.sysmon;runtime.retake 1
runtime.mstart.abi0;runtime.mstart0;runtime.mstart1;runtime.sysmon 1
runtime.goexit.abi0;runtime.main;runtime.sigreturn.abi0;runtime.sigtramp.abi0;runtime.sigtrampgo;runtime.sighandler;runtime.doSigPreempt 1
runtime.goexit.abi0;runtime.main;main.main;runtime.asyncPreempt.abi0;runtime.mcall;runtime.gopreempt_m;runtime.goschedImpl 1
runtime.goexit.abi0;runtime.main;runtime.sigreturn.abi0;runtime.sigtramp.abi0;runtime.sigtrampgo;runtime.sighandler;runtime.doSigPreempt;runtime.isAsyncSafePoint 1
runtime.mstart.abi0;runtime.mstart0;runtime.mstart1;runtime.sysmon;runtime.retake;runtime.preemptone 1
runtime.goexit.abi0;runtime.main;main.main;runtime.asyncPreempt.abi0;runtime.mcall;runtime.gopreempt_m;runtime.lock2 1
runtime.goexit.abi0;runtime.main;main.main;runtime.asyncPreempt.abi0;runtime.mcall;runtime.gopreempt_m;runtime.goschedImpl;runtime.schedule;runtime.execute;runtime.casgstatus;runtime.nanotime1.abi0;__vdso_clock_gettime 1
runtime.goexit.abi0;runtime.main;runtime.sigreturn.abi0;runtime.sigtramp.abi0;runtime.sigtrampgo;runtime.sighandler;runtime.doSigPreempt;runtime.isAsyncSafePoint;runtime.funcname;indexbytebody 1
runtime.goexit.abi0;runtime.main;main.main;runtime.asyncPreempt.abi0;runtime.mcall;runtime.gopreempt_m;runtime.goschedImpl;runtime.schedule;runtime.globrunqget 1
runtime.goexit.abi0;runtime.main;runtime.sigreturn.abi0;runtime.sigtramp.abi0;runtime.sigtrampgo;runtime.sighandler;runtime.doSigPreempt;runtime.isAsyncSafePoint 1
runtime.goexit.abi0;runtime.main;runtime.sigreturn.abi0;runtime.sigtramp.abi0;runtime.sigtrampgo;runtime.sighandler;runtime.doSigPreempt;runtime.isAsyncSafePoint;runtime.pcdatavalue2;runtime.pcvalue 1
runtime.goexit.abi0;runtime.main;main.main;runtime.asyncPreempt.abi0;runtime.mcall;runtime.gopreempt_m;runtime.goschedImpl;runtime.schedule 1
runtime.goexit.abi0;runtime.main;runtime.sigreturn.abi0;runtime.sigtramp.abi0;runtime.sigtrampgo;runtime.sighandler 1
runtime.goexit.abi0;runtime.main;main.main;runtime.asyncPreempt.abi0;runtime.asyncPreempt2 1
runtime.goexit.abi0;runtime.main;main.main;runtime.asyncPreempt.abi0;runtime.mcall;runtime.gopreempt_m;runtime.goschedImpl 1
runtime.mstart.abi0;runtime.mstart0;runtime.mstart1;runtime.sysmon;runtime.nanotime1.abi0 1
runtime.goexit.abi0;runtime.main;runtime.sigreturn.abi0;runtime.sigtramp.abi0;runtime.sigtrampgo;runtime.sighandler;runtime.doSigPreempt 1
runtime.mstart.abi0;runtime.mstart0;runtime.mstart1;runtime.sysmon;runtime.nanotime1.abi0;__vdso_clock_gettime 1
runtime.goexit.abi0;runtime.main;runtime.sigreturn.abi0;runtime.sigtramp.abi0;runtime.sigtrampgo;runtime.sigfwdgo 1
runtime.mstart.abi0;runtime.mstart0;runtime.mstart1;runtime.sysmon;runtime.retake 1
runtime.mstart.abi0;runtime.mstart0;runtime.mstart1;runtime.sysmon;runtime.retake 1
runtime.goexit.abi0;runtime.main;runtime.sigreturn.abi0;runtime.sigtramp.abi0;runtime.sigtrampgo;runtime.sighandler;runtime.doSigPreempt;runtime.isAsyncSafePoint;runtime.funcname;runtime.findnull 1
runtime.goexit.abi0;runtime.main;runtime.sigreturn.abi0;runtime.sigtramp.abi0;runtime.sigtrampgo;runtime.sighandler;runtime.doSigPreempt;runtime.isAsyncSafePoint;runtime.funcname;indexbytebody 1
runtime.goexit.abi0;runtime.main;runtime.sigreturn.abi0;runtime.sigtramp.abi0;runtime.sigtrampgo;runtime.sighandler;runtime.doSigPreempt;runtime.isAsyncSafePoint 1
runtime.goexit.abi0;runtime.main;runtime.sigreturn.abi0;runtime.sigtramp.abi0;runtime.sigtrampgo;runtime.sighandler;runtime.doSigPreempt;runtime.isAsyncSafePoint 1
runtime.goexit.abi0;runtime.main;main.main;runtime.asyncPreempt.abi0;runtime.mcall;runtime.gopreempt_m;runtime.goschedImpl;runtime.findRunnable 1
runtime.goexit.abi0;runtime.main;runtime.sigreturn.abi0;runtime.sigtramp.abi0;runtime.sigtrampgo;runtime.sighandler;runtime.doSigPreempt;runtime.isAsyncSafePoint;runtime.pcdatavalue2;runtime.pcvalue 1
runtime.mstart.abi0;runtime.mstart0;runtime.mstart1;runtime.sysmon;runtime.retake;runtime.signalM 1
runtime.goexit.abi0;runtime.main;runtime.sigreturn.abi0;runtime.sigtramp.abi0;runtime.sigtrampgo;runtime.sighandler;runtime.doSigPreempt;runtime.isAsyncSafePoint;runtime.findfunc 1
runtime.goexit.abi0;runtime.main;main.main;runtime.asyncPreempt.abi0;runtime.mcall;runtime.gopreempt_m;runtime.goschedImpl;runtime.schedule;runtime.findRunnable 1
runtime.goexit.abi0;runtime.main;main.main;runtime.asyncPreempt.abi0;runtime.mcall;runtime.gopreempt_m;runtime.casgstatus 1
runtime.goexit.abi0;runtime.main;main.main;runtime.asyncPreempt.abi0;runtime.mcall;runtime.gopreempt_m;runtime.goschedImpl;runtime.findRunnable 1
runtime.goexit.abi0;runtime.main;main.main;runtime.asyncPreempt.abi0;runtime.mcall;runtime.gopreempt_m;runtime.goschedImpl 1
runtime.goexit.abi0;runtime.main;main.main;runtime.asyncPreempt.abi0;runtime.mcall;runtime.gopreempt_m;runtime.goschedImpl;runtime.schedule;runtime.runqget 1
runtime.goexit.abi0;runtime.main;main.main;runtime.asyncPreempt.abi0 1
runtime.goexit.abi0;runtime.main;runtime.sigreturn.abi0;runtime.sigtrampgo 1
runtime.goexit.abi0;runtime.main;main.main;runtime.asyncPreempt.abi0;runtime.mcall;runtime.gopreempt_m;runtime.goschedImpl;runtime.schedule;runtime.checkTimers 1
runtime.goexit.abi0;runtime.main;main.main;time.Since;runtime.nanotime;runtime.nanotime1.abi0 1
runtime.goexit.abi0;runtime.main;runtime.sigreturn.abi0;runtime.sigtramp.abi0;runtime.sigtrampgo;runtime.sighandler 1
runtime.mstart.abi0;runtime.mstart0;runtime.mstart1;runtime.sysmon 1
runtime.goexit.abi0;runtime.main;main.main;runtime.asyncPreempt.abi0;runtime.mcall;runtime.gopreempt_m;runtime.casgstatus 1
runtime.goexit.abi0;runtime.main;main.main;runtime.asyncPreempt.abi0;runtime.mcall;runtime.gopreempt_m;runtime.goschedImpl;runtime.schedule;runtime.findRunnable;runtime.unlock2 1
runtime.goexit.abi0;runtime.main;main.main;runtime.asyncPreempt.abi0;runtime.mcall;runtime.gopreempt_m;runtime.goschedImpl;runtime.schedule;runtime.findRunnable 1
runtime.goexit.abi0;runtime.main;main.main;time.Now;time.now;__vdso_clock_gettime 1
runtime.goexit.abi0;runtime.main;runtime.sigreturn.abi0;runtime.sigtramp.abi0;runtime.sigtrampgo 1
runtime.mstart.abi0;runtime.mstart0;runtime.mstart1;runtime.sysmon;runtime.nanotime1.abi0;__vdso_clock_gettime 1
runtime.goexit.abi0;runtime.main;main.main;time.Since;runtime.nanotime;runtime.nanotime1.abi0 1
runtime.mstart.abi0;runtime.mstart0;runtime.mstart1;runtime.sysmon;runtime.nanotime1.abi0;__vdso_clock_gettime 1
runtime.goexit.abi0;runtime.main;main.main;runtime.asyncPreempt.abi0;runtime.mcall;runtime.gopreempt_m;runtime.goschedImpl 1
runtime.goexit.abi0;runtime.main;time.Since 1
runtime.goexit.abi0;runtime.main;main.main;runtime.asyncPreempt.abi0;runtime.mcall;runtime.gopreempt_m;runtime.goschedImpl;runtime.unlock2 1
runtime.mstart.abi0;runtime.mstart0;runtime.mstart1;runtime.sysmon;runtime.retake 1
runtime.goexit.abi0;runtime.main;runtime.sigreturn.abi0;runtime.sigtrampgo 1
runtime.goexit.abi0;runtime.main;main.main;runtime.asyncPreempt.abi0;runtime.asyncPreempt2 1
runtime.mstart.abi0;runtime.mstart0;runtime.mstart1;runtime.sysmon;runtime.retake 1
runtime.goexit.abi0;runtime.main;main.main;runtime.asyncPreempt.abi0;runtime.mcall;runtime.gopreempt_m;runtime.casgstatus 1
runtime.goexit.abi0;runtime.main;main.main;time.Since;runtime.nanotime;runtime.nanotime1.abi0 1
runtime.goexit.abi0;runtime.main;runtime.sigreturn.abi0;runtime.sigtramp.abi0;runtime.sigtrampgo 1
runtime.mstart.abi0;runtime.mstart0;runtime.mstart1;runtime.sysmon;runtime.lock2 1
runtime.goexit.abi0;runtime.main;runtime.sigreturn.abi0;runtime.sigtramp.abi0;runtime.sigtrampgo 1
runtime.goexit.abi0;runtime.main;main.main;runtime.asyncPreempt.abi0;runtime.mcall;runtime.goschedImpl 1
runtime.goexit.abi0;runtime.main;main.main;runtime.asyncPreempt.abi0;runtime.mcall;runtime.gopreempt_m;runtime.goschedImpl;runtime.schedule;runtime.findRunnable 1
runtime.mstart.abi0;runtime.mstart0;runtime.mstart1;runtime.sysmon;runtime.retake;runtime.preemptone;runtime.signalM 1
runtime.mstart.abi0;runtime.mstart0;runtime.mstart1;runtime.sysmon;runtime.retake;runtime.preemptone;runtime.signalM 1
runtime.goexit.abi0;runtime.main;runtime.sigreturn.abi0;runtime.sigtramp.abi0;runtime.sigtrampgo;runtime.sighandler;runtime.sigsend 1
runtime.goexit.abi0;runtime.main;main.main;runtime.asyncPreempt.abi0;runtime.mcall;runtime.gopreempt_m;runtime.goschedImpl;runtime.lock2 1
runtime.goexit.abi0;runtime.main;runtime.sigreturn.abi0;runtime.sigtramp.abi0;runtime.sighandler 1
runtime.goexit.abi0;runtime.main;main.main;time.Now;time.now 1
runtime.goexit.abi0;runtime.main;main.main;runtime.asyncPreempt.abi0;runtime.mcall 1
runtime.goexit.abi0;runtime.main;main.main;runtime.asyncPreempt.abi0 1
runtime.goexit.abi0;runtime.main;main.main;time.Now;time.now;__vdso_clock_gettime 1
runtime.mstart.abi0;runtime.mstart0;runtime.mstart1;runtime.sysmon;runtime.nanotime1.abi0;__vdso_clock_gettime 1
runtime.mstart.abi0;runtime.mstart0;runtime.mstart1;runtime.sysmon;runtime.retake;runtime.preemptone 1
runtime.mstart.abi0;runtime.mstart0;runtime.mstart1;runtime.sysmon;runtime.lock2 1
runtime.goexit.abi0;runtime.main;runtime.sigreturn.abi0;runtime.sigtramp.abi0;runtime.sigtrampgo;runtime.sighandler;runtime.doSigPreempt;runtime.isAsyncSafePoint;runtime.findfunc 1
runtime.goexit.abi0;runtime.main;main.main;time.Time.Sub 1
runtime.mstart.abi0;runtime.mstart0;runtime.mstart1;runtime.sysmon;runtime.lock2 1
runtime.goexit.abi0;runtime.main;main.main;time.Since;runtime.nanotime1.abi0 1
runtime.goexit.abi0;runtime.main;runtime.sigreturn.abi0;runtime.sigtramp.abi0;runtime.sigtrampgo;runtime.sighandler;runtime.doSigPreempt;runtime.isAsyncSafePoint;runtime.pcdatavalue2;runtime.pcvalue 1
runtime.goexit.abi0;runtime.main;main.main;runtime.asyncPreempt.abi0;runtime.mcall;runtime.gopreempt_m;runtime.goschedImpl;runtime.schedule;runtime.checkTimers 1
runtime.goexit.abi0;runtime.main;runtime.sigreturn.abi0;runtime.sigtramp.abi0;runtime.sigtrampgo;runtime.sighandler;runtime.doSigPreempt;runtime.isAsyncSafePoint;runtime.pcdatavalue2;runtime.pcvalue;runtime.step 1
runtime.goexit.abi0;runtime.main;runtime.sigreturn.abi0;runtime.sigtramp.abi0;runtime.sighandler 1
runtime.goexit.abi0;runtime.main;main.main;time.Since;time.Time.Sub 1
runtime.goexit.abi0;runtime.main;main.main;time.Since;runtime.nanotime;runtime.nanotime1.abi0 1
runtime.goexit.abi0;runtime.main;main.main;time.Since;time.Time.Sub 1
runtime.mstart.abi0;runtime.mstart0;runtime.mstart1;runtime.retake 1
runtime.mstart.abi0;runtime.mstart0;runtime.mstart1;runtime.sysmon 1
runtime.goexit.abi0;runtime.main;runtime.sigreturn.abi0;runtime.sigtramp.abi0;runtime.sigtrampgo;runtime.sighandler;runtime.isAsyncSafePoint 1
runtime.mstart.abi0;runtime.mstart0;runtime.mstart1;runtime.sysmon;runtime.gcTrigger.test 1
runtime.mstart.abi0;runtime.mstart0;runtime.mstart1;runtime.sysmon;runtime.retake;runtime.lock2 1
runtime.goexit.abi0;runtime.main;runtime.sigreturn.abi0;runtime.sigtramp.abi0;runtime.sigtrampgo;runtime.sighandler;runtime.doSigPreempt;runtime.pcdatavalue2 1
runtime.goexit.abi0;runtime.main;runtime.sigreturn.abi0;runtime.sigtramp.abi0;runtime.sigtrampgo;runtime.sighandler;runtime.doSigPreempt 1
runtime.goexit.abi0;runtime.main;main.main;runtime.asyncPreempt.abi0;runtime.mcall;runtime.gopreempt_m;runtime.goschedImpl;runtime.schedule;runtime.execute 1
runtime.goexit.abi0;runtime.main;main.main;runtime.asyncPreempt.abi0;runtime.mcall;runtime.gopreempt_m;runtime.goschedImpl;runtime.findRunnable 1
runtime.goexit.abi0;runtime.main;main.main;time.Now;time.now 1
runtime.goexit.abi0;runtime.main;main.main;time.now 1
runtime.mstart.abi0;runtime.mstart0;runtime.mstart1;runtime.sysmon;runtime.usleep.abi0 1
runtime.goexit.abi0;runtime.main;runtime.sigreturn.abi0;runtime.sigtramp.abi0;runtime.sigtrampgo;runtime.sighandler;runtime.doSigPreempt;runtime.isAsyncSafePoint;runtime.findfunc 2
runtime.mstart.abi0;runtime.mstart0;runtime.mstart1;runtime.sysmon 2
runtime.goexit.abi0;runtime.main;main.main;time.Now;time.now;__vdso_clock_gettime 2
runtime.goexit.abi0;runtime.main;runtime.morestack.abi0;runtime.gopreempt_m 2
runtime.mstart.abi0;runtime.mstart0;runtime.mstart1;runtime.sysmon;runtime.retake;runtime.unlock2 2
runtime.goexit.abi0;runtime.main;main.main 2
runtime.mstart.abi0;runtime.mstart0;runtime.mstart1;runtime.sysmon;runtime.nanotime1.abi0;__vdso_clock_gettime 2
runtime.goexit.abi0;runtime.main;main.main;runtime.asyncPreempt.abi0;runtime.mcall;runtime.gopreempt_m;runtime.lock2 2
runtime.goexit.abi0;runtime.main;main.main;runtime.asyncPreempt.abi0;runtime.gopreempt_m 2
runtime.goexit.abi0;runtime.main;main.main;runtime.asyncPreempt.abi0;runtime.mcall;runtime.gopreempt_m;runtime.goschedImpl;runtime.schedule 2
runtime.goexit.abi0;runtime.main;main.main;runtime.asyncPreempt.abi0;runtime.gopreempt_m 2
runtime.goexit.abi0;runtime.main;time.Since 2
runtime.goexit.abi0;runtime.main;runtime.sigreturn.abi0;runtime.sigtramp.abi0;runtime.sigtrampgo;runtime.sighandler;runtime.doSigPreempt;runtime.isAsyncSafePoint 2
runtime.goexit.abi0;runtime.main;main.main;runtime.asyncPreempt.abi0;runtime.mcall;runtime.gopreempt_m;runtime.goschedImpl;runtime.schedule;runtime.findRunnable 2
runtime.mstart.abi0;runtime.mstart0;runtime.mstart1;runtime.sysmon 2
runtime.goexit.abi0;runtime.main;main.main;runtime.asyncPreempt.abi0;runtime.mcall;runtime.gopreempt_m;runtime.casgstatus 2
runtime.mstart.abi0;runtime.mstart0;runtime.mstart1;runtime.sysmon;runtime.retake;runtime.unlock2 2
runtime.goexit.abi0;runtime.main;main.main;runtime.asyncPreempt.abi0;runtime.asyncPreempt2 2
runtime.goexit.abi0;runtime.main;runtime.sigreturn.abi0;runtime.sigtramp.abi0;runtime.sigtrampgo;runtime.isAbortPC 2
runtime.mstart.abi0;runtime.mstart0;runtime.mstart1;runtime.lock2 2
runtime.goexit.abi0;runtime.main;main.main;runtime.asyncPreempt.abi0;runtime.mcall;runtime.gopreempt_m;runtime.goschedImpl;runtime.schedule;runtime.execute 2
runtime.goexit.abi0;runtime.main;main.main;runtime.asyncPreempt.abi0;runtime.mcall;runtime.gopreempt_m;runtime.goschedImpl;runtime.schedule;runtime.checkTimers 2
runtime.goexit.abi0;runtime.main;main.main;time.Now;time.now;__vdso_clock_gettime 2
runtime.goexit.abi0;runtime.main;runtime.sigreturn.abi0;runtime.sigtramp.abi0;runtime.sigtrampgo;runtime.sighandler;runtime.doSigPreempt;runtime.isAsyncSafePoint;runtime.pcdatavalue2;runtime.(*moduledata).textAddr 2
runtime.goexit.abi0;runtime.main;main.main;time.Now;time.now 2
runtime.goexit.abi0;runtime.main;runtime.sigreturn.abi0;runtime.sigtramp.abi0;runtime.adjustSignalStack 2
runtime.mstart.abi0;runtime.mstart0;runtime.mstart1;runtime.sysmon 2
runtime.mstart.abi0;runtime.mstart0;runtime.mstart1;runtime.sysmon;runtime.nanotime1.abi0 2
runtime.goexit.abi0;runtime.main;main.main;runtime.asyncPreempt.abi0;runtime.mcall 2
runtime.goexit.abi0;runtime.main;runtime.sigreturn.abi0;runtime.sigtramp.abi0;runtime.sigtrampgo;runtime.adjustSignalStack 2
runtime.goexit.abi0;runtime.main;runtime.sigreturn.abi0;runtime.sigtramp.abi0;runtime.sigtrampgo;runtime.sighandler;runtime.doSigPreempt;runtime.isAsyncSafePoint;runtime.pcdatavalue2;runtime.pcvalue;runtime.step 2
runtime.mstart.abi0;runtime.mstart0;runtime.mstart1;runtime.sysmon;runtime.lock2 2
runtime.mstart.abi0;runtime.mstart0;runtime.mstart1;runtime.sysmon;runtime.nanotime1.abi0;__vdso_clock_gettime 2
runtime.mstart.abi0;runtime.mstart0;runtime.mstart1;runtime.sysmon 2
runtime.goexit.abi0;runtime.main;main.main;time.Since;runtime.nanotime;runtime.nanotime1.abi0;__vdso_clock_gettime 2
runtime.goexit.abi0;runtime.main;runtime.sigreturn.abi0;runtime.sigtramp.abi0;runtime.adjustSignalStack 2
runtime.goexit.abi0;runtime.main;main.main;runtime.asyncPreempt.abi0;runtime.mcall;runtime.gopreempt_m;runtime.goschedImpl;runtime.schedule;runtime.gogo.abi0 2
runtime.goexit.abi0;runtime.main;main.main;time.Now;__vdso_clock_gettime 2
runtime.goexit.abi0;runtime.main;main.main;runtime.asyncPreempt.abi0;runtime.mcall;runtime.gopreempt_m;runtime.goschedImpl;runtime.schedule;runtime.findRunnable 2
runtime.goexit.abi0;runtime.main;runtime.sigreturn.abi0;runtime.sigtramp.abi0;runtime.sigtrampgo;runtime.sighandler;runtime.doSigPreempt;runtime.findfunc 2
runtime.mstart.abi0;runtime.mstart0;runtime.mstart1;runtime.sysmon;runtime.retake;runtime.preemptone 3
runtime.goexit.abi0;runtime.main;runtime.sigreturn.abi0;runtime.sigtramp.abi0;runtime.sigtrampgo;runtime.sighandler;runtime.doSigPreempt 3
runtime.goexit.abi0;runtime.main;runtime.sigreturn.abi0;runtime.sigtramp.abi0;runtime.sigtrampgo;runtime.sighandler;runtime.doSigPreempt;runtime.isAsyncSafePoint 3
runtime.goexit.abi0;runtime.main;main.main;time.Since;time.Time.Sub 3
runtime.goexit.abi0;runtime.main;runtime.sigreturn.abi0;runtime.sigtramp.abi0;runtime.sigtrampgo;runtime.sighandler;runtime.doSigPreempt;runtime.isAsyncSafePoint;runtime.pcdatavalue2;runtime.pcvalue;runtime.step 3
runtime.goexit.abi0;runtime.main;main.main;runtime.asyncPreempt.abi0;runtime.mcall;runtime.gopreempt_m;runtime.goschedImpl;runtime.casgstatus;__vdso_clock_gettime 3
runtime.mstart.abi0;runtime.mstart0;runtime.mstart1;runtime.sysmon;runtime.nanotime1.abi0;__vdso_clock_gettime 3
runtime.goexit.abi0;runtime.main;main.main;runtime.asyncPreempt.abi0;runtime.mcall;runtime.gopreempt_m;runtime.goschedImpl;runtime.schedule;runtime.execute 3
runtime.goexit.abi0;runtime.main;runtime.sigreturn.abi0;runtime.sigtramp.abi0;runtime.sigtrampgo;runtime.sighandler;runtime.doSigPreempt;runtime.isAsyncSafePoint;runtime.funcname;runtime.findnull 3
runtime.goexit.abi0;runtime.main;runtime.sigreturn.abi0;runtime.sigtramp.abi0;runtime.sigtrampgo;runtime.sighandler;runtime.doSigPreempt;runtime.isAsyncSafePoint 3
runtime.goexit.abi0;runtime.main;runtime.sigreturn.abi0;runtime.sigtramp.abi0;runtime.sigtrampgo;runtime.sighandler 3
runtime.mstart.abi0;runtime.mstart0;runtime.mstart1;runtime.sysmon;runtime.retake;runtime.preemptone 3
runtime.goexit.abi0;runtime.main;main.main;runtime.asyncPreempt.abi0;runtime.mcall;runtime.gopreempt_m;runtime.goschedImpl;runtime.schedule;runtime.findRunnable;runtime.lock2 3
runtime.goexit.abi0;runtime.main;runtime.sigreturn.abi0;runtime.sigtramp.abi0;runtime.sigtrampgo;runtime.sighandler;runtime.doSigPreempt;runtime.isAsyncSafePoint;runtime.pcdatavalue2;runtime.(*moduledata).textAddr 3
runtime.goexit.abi0;runtime.main;main.main;time.Since;runtime.nanotime;__vdso_clock_gettime 3
runtime.mstart.abi0;runtime.mstart0;runtime.mstart1;runtime.sysmon;runtime.retake 3
runtime.goexit.abi0;runtime.main;main.main;time.Since;runtime.nanotime;runtime.nanotime1.abi0;__vdso_clock_gettime 4
runtime.goexit.abi0;runtime.main;runtime.sigreturn.abi0;runtime.sigtramp.abi0;runtime.sigtrampgo;runtime.doSigPreempt 4
runtime.goexit.abi0;runtime.main;runtime.sigreturn.abi0;runtime.sigtramp.abi0;runtime.sigtrampgo;runtime.sighandler;runtime.doSigPreempt;runtime.isAsyncSafePoint;runtime.funcname;runtime.findnull 4
runtime.goexit.abi0;runtime.main;main.main;runtime.asyncPreempt.abi0;runtime.asyncPreempt2 4
runtime.goexit.abi0;runtime.main;main.main;time.Now;time.now 4
runtime.goexit.abi0;runtime.main;runtime.sigreturn.abi0;runtime.sigtramp.abi0;runtime.sigtrampgo;runtime.sighandler;runtime.doSigPreempt;runtime.isAsyncSafePoint;runtime.pcdatavalue2;runtime.pcvalue 4
runtime.mstart.abi0;runtime.mstart0;runtime.mstart1;runtime.sysmon;runtime.retake;runtime.lock2 4
runtime.mstart.abi0;runtime.mstart0;runtime.mstart1;runtime.sysmon;runtime.gcTrigger.test 4
runtime.mstart.abi0;runtime.mstart0;runtime.mstart1;runtime.sysmon;runtime.lock2 5
runtime.mstart.abi0;runtime.mstart0;runtime.mstart1;runtime.sysmon;runtime.usleep.abi0 5
runtime.goexit.abi0;runtime.main;runtime.sigreturn.abi0;runtime.sigtramp.abi0;runtime.sigtrampgo;runtime.sighandler 5
runtime.goexit.abi0;runtime.main;runtime.sigreturn.abi0;runtime.sigtramp.abi0;runtime.sigtrampgo;runtime.adjustSignalStack 5
runtime.goexit.abi0;runtime.main;runtime.sigreturn.abi0;runtime.sigtramp.abi0;runtime.sigtrampgo;runtime.sighandler;runtime.doSigPreempt;runtime.isAsyncSafePoint 6
runtime.goexit.abi0;runtime.main;runtime.sigreturn.abi0;runtime.sigtramp.abi0;runtime.sigtrampgo;runtime.sighandler;runtime.doSigPreempt;runtime.isAsyncSafePoint;runtime.funcname 6
runtime.goexit.abi0;runtime.main;main.main;runtime.asyncPreempt.abi0;runtime.mcall;runtime.goschedImpl 6
runtime.goexit.abi0;runtime.main;main.main;time.Now;time.now;__vdso_clock_gettime 6
runtime.goexit.abi0;runtime.main;runtime.sigreturn.abi0;runtime.sigtramp.abi0;runtime.sigtrampgo;runtime.sigsend 6
runtime.goexit.abi0;runtime.main;runtime.sigreturn.abi0;runtime.sigtramp.abi0;runtime.sigtrampgo;runtime.sighandler;runtime.doSigPreempt;runtime.isAsyncSafePoint;runtime.findfunc 6
runtime.goexit.abi0;runtime.main;main.main;runtime.asyncPreempt.abi0;runtime.mcall;runtime.gopreempt_m;runtime.goschedImpl;runtime.schedule;runtime.execute 6
runtime.goexit.abi0;runtime.main;main.main;time.Since;runtime.nanotime1.abi0 6
runtime.goexit.abi0;runtime.main;main.main;time.Now;time.now;__vdso_clock_gettime 6
runtime.mstart.abi0;runtime.mstart0;runtime.mstart1;runtime.sysmon;runtime.nanotime1.abi0 6
runtime.goexit.abi0;runtime.main;main.main;runtime.asyncPreempt.abi0;runtime.mcall;runtime.gopreempt_m;runtime.casgstatus 6
runtime.mstart.abi0;runtime.mstart0;runtime.mstart1;runtime.sysmon;runtime.retake;runtime.preemptone;runtime.getpid.abi0 7
runtime.mstart.abi0;runtime.mstart0;runtime.mstart1;runtime.sysmon 7
runtime.goexit.abi0;runtime.main;runtime.sigreturn.abi0;runtime.sigtramp.abi0;runtime.sigtrampgo;runtime.sigfwdgo 7
runtime.goexit.abi0;runtime.main;runtime.sigreturn.abi0;runtime.sigtramp.abi0;runtime.sigfwdgo 7
runtime.mstart.abi0;runtime.mstart0;runtime.mstart1;runtime.lock2 7
runtime.goexit.abi0;runtime.main;main.main 7
runtime.goexit.abi0;runtime.main;runtime.sigreturn.abi0;runtime.sigtramp.abi0;runtime.sigtrampgo 7
runtime.mstart.abi0;runtime.mstart0;runtime.mstart1;runtime.sysmon 7
runtime.goexit.abi0;runtime.main;main.main;time.Now;time.now 7
runtime.goexit.abi0;runtime.main;runtime.sigreturn.abi0;runtime.sigtramp.abi0;runtime.sigtrampgo;runtime.sighandler 8
runtime.mstart.abi0;runtime.mstart0;runtime.mstart1;runtime.sysmon;runtime.retake;runtime.preemptone 8
runtime.goexit.abi0;runtime.main;main.main;runtime.asyncPreempt.abi0;runtime.asyncPreempt2 8
runtime.mstart.abi0;runtime.mstart0;runtime.mstart1;runtime.sysmon;__vdso_clock_gettime 8
runtime.goexit.abi0;runtime.main;main.main;time.Now;time.now 9
runtime.mstart.abi0;runtime.mstart0;runtime.mstart1;runtime.sysmon 9
runtime.goexit.abi0;runtime.main;runtime.sigreturn.abi0;runtime.sigtramp.abi0;runtime.sigtrampgo;runtime.sighandler;runtime.doSigPreempt;runtime.isAsyncSafePoint;runtime.findfunc 9
runtime.mstart.abi0;runtime.mstart0;runtime.mstart1;runtime.sysmon;runtime.usleep.abi0 9
runtime.goexit.abi0;runtime.main;main.main;runtime.asyncPreempt2.abi0 10
runtime.goexit.abi0;runtime.main;main.main;time.Now;time.now 11
runtime.goexit.abi0;runtime.main;main.main;time.Now;time.now;__vdso_clock_gettime 11
runtime.mstart.abi0;runtime.mstart0;runtime.mstart1;runtime.sysmon 11
runtime.goexit.abi0;runtime.main;main.main;time.Time.Sub 12
runtime.goexit.abi0;runtime.main;main.main;runtime.asyncPreempt.abi0;runtime.mcall 12
runtime.goexit.abi0;runtime.main;main.main;runtime.asyncPreempt.abi0;runtime.mcall 12
runtime.goexit.abi0;runtime.main;main.main;runtime.asyncPreempt.abi0;runtime.mcall;runtime.gopreempt_m;runtime.goschedImpl;runtime.casgstatus 12
runtime.goexit.abi0;runtime.main;runtime.sigreturn.abi0;runtime.sigtramp.abi0;runtime.sigtrampgo;runtime.sighandler;runtime.doSigPreempt;runtime.isAsyncSafePoint;runtime.findnull 12
runtime.goexit.abi0;runtime.main;main.main;runtime.asyncPreempt.abi0;runtime.mcall;runtime.gopreempt_m;runtime.goschedImpl;runtime.lock2 13
runtime.goexit.abi0;runtime.main;main.main 13
runtime.mstart.abi0;runtime.mstart0;runtime.mstart1;runtime.sysmon 14
runtime.goexit.abi0;runtime.main;runtime.sigreturn.abi0;runtime.sigtrampgo 14
runtime.mstart.abi0;runtime.mstart0;runtime.mstart1;runtime.gcTrigger.test 15
runtime.goexit.abi0;runtime.main;main.main;runtime.asyncPreempt.abi0;runtime.mcall;runtime.gopreempt_m;runtime.goschedImpl;runtime.schedule;runtime.findRunnable 15
runtime.goexit.abi0;runtime.main;main.main;runtime.asyncPreempt.abi0;runtime.mcall 16
runtime.mstart.abi0;runtime.mstart0;runtime.mstart1;runtime.sysmon 16
runtime.mstart.abi0;runtime.mstart0;runtime.mstart1;runtime.sysmon;runtime.retake 16
runtime.goexit.abi0;runtime.main;runtime.sigreturn.abi0;runtime.sigtramp.abi0;runtime.sigtrampgo;runtime.sighandler;runtime.doSigPreempt;runtime.isAsyncSafePoint;runtime.pcdatavalue2;runtime.pcvalue;runtime.step 16
runtime.mstart.abi0;runtime.mstart0;runtime.mstart1;runtime.sysmon;runtime.nanotime1.abi0 17
runtime.goexit.abi0;runtime.main;runtime.sigreturn.abi0;runtime.sigtramp.abi0;runtime.sigtrampgo;runtime.sigfwdgo 17
runtime.goexit.abi0;runtime.main;runtime.sigreturn.abi0;runtime.sigtramp.abi0;runtime.sigtrampgo 17
runtime.mstart.abi0;runtime.mstart0;runtime.mstart1;runtime.sysmon 19
runtime.goexit.abi0;runtime.main;main.main;time.Now;time.now;__vdso_clock_gettime 19
runtime.goexit.abi0;runtime.main;main.main;runtime.asyncPreempt.abi0;runtime.mcall;runtime.gopreempt_m;runtime.goschedImpl;runtime.schedule;runtime.globrunqget 19
runtime.mstart.abi0;runtime.mstart0;runtime.mstart1;runtime.sysmon 19
runtime.goexit.abi0;runtime.main;main.main;runtime.asyncPreempt.abi0;runtime.mcall;runtime.gopreempt_m;runtime.goschedImpl;runtime.schedule;runtime.findRunnable;runtime.unlock2 19
runtime.goexit.abi0;runtime.main;runtime.morestack.abi0;runtime.newstack 21
runtime.mstart.abi0;runtime.mstart0;runtime.mstart1;runtime.sysmon;runtime.retake 22
runtime.goexit.abi0;runtime.main;main.main;runtime.asyncPreempt.abi0;runtime.mcall;runtime.gopreempt_m;runtime.goschedImpl;runtime.schedule;runtime.execute;runtime.casgstatus 22
runtime.goexit.abi0;runtime.main;runtime.sigreturn.abi0;runtime.sigtramp.abi0;runtime.sigtrampgo;runtime.sighandler;runtime.doSigPreempt 22
runtime.goexit.abi0;runtime.main;main.main;time.Now 23
runtime.goexit.abi0;runtime.main;main.main;runtime.nanotime 23
runtime.mstart.abi0;runtime.mstart0;runtime.mstart1;runtime.sysmon;runtime.retake;runtime.preemptone;runtime.tgkill.abi0 23
runtime.goexit.abi0;runtime.main;runtime.sigreturn.abi0;runtime.sigtramp.abi0;runtime.sigtrampgo;runtime.sighandler;runtime.doSigPreempt;runtime.isAsyncSafePoint 23
runtime.goexit.abi0;runtime.main;main.main;runtime.asyncPreempt.abi0;runtime.mcall;runtime.gopreempt_m;runtime.goschedImpl;runtime.schedule;runtime.execute 24
runtime.mstart.abi0;runtime.mstart0;runtime.mstart1;runtime.sysmon 26
runtime.goexit.abi0;runtime.main;main.main;time.Now;time.now;__vdso_clock_gettime 26
runtime.goexit.abi0;runtime.main;main.main;runtime.asyncPreempt.abi0;runtime.mcall;runtime.gopreempt_m;runtime.casgstatus 27
runtime.mstart.abi0;runtime.mstart0;runtime.mstart1;runtime.sysmon;runtime.gcTrigger.test 28
runtime.goexit.abi0;runtime.main;main.main;runtime.asyncPreempt.abi0;runtime.mcall;runtime.gopreempt_m;runtime.goschedImpl 28
runtime.mstart.abi0;runtime.mstart0;runtime.mstart1;runtime.sysmon;runtime.nanotime1.abi0 28
runtime.goexit.abi0;runtime.main;main.main;runtime.nanotime 29
runtime.goexit.abi0;runtime.main;runtime.sigreturn.abi0;runtime.sigtramp.abi0;runtime.sigtrampgo;runtime.sighandler;runtime.doSigPreempt;runtime.isAsyncSafePoint;runtime.funcname;indexbytebody 30
runtime.goexit.abi0;runtime.main;main.main;runtime.asyncPreempt.abi0;runtime.mcall;runtime.goschedImpl 30
runtime.mstart.abi0;runtime.mstart0;runtime.mstart1;runtime.sysmon 31
runtime.goexit.abi0;runtime.main;main.main;runtime.asyncPreempt.abi0;runtime.mcall;runtime.gopreempt_m;runtime.goschedImpl;runtime.schedule 31
runtime.goexit.abi0;runtime.main;main.main;runtime.asyncPreempt.abi0;runtime.mcall;runtime.gopreempt_m;runtime.goschedImpl;runtime.schedule;runtime.findRunnable 31
runtime.goexit.abi0;runtime.main;main.main;runtime.asyncPreempt.abi0;runtime.asyncPreempt2 32
runtime.goexit.abi0;runtime.main;runtime.sigreturn.abi0;runtime.sigtramp.abi0;runtime.sigtrampgo;runtime.sighandler;runtime.doSigPreempt;runtime.isAsyncSafePoint;runtime.pcdatavalue2;runtime.pcvalue 32
runtime.goexit.abi0;runtime.main;runtime.sigreturn.abi0;runtime.sigtramp.abi0;runtime.sigtrampgo;runtime.sighandler;runtime.doSigPreempt;runtime.isAsyncSafePoint;runtime.findfunc 32
runtime.goexit.abi0;runtime.main;main.main;runtime.asyncPreempt.abi0;runtime.mcall;runtime.gopreempt_m;runtime.goschedImpl;runtime.schedule;gogo 32
runtime.goexit.abi0;runtime.main;main.main;runtime.asyncPreempt.abi0;runtime.mcall;runtime.gopreempt_m;runtime.goschedImpl;runtime.schedule;runtime.findRunnable 34
runtime.goexit.abi0;runtime.main;main.main;runtime.asyncPreempt.abi0;runtime.mcall;runtime.gopreempt_m;runtime.goschedImpl;runtime.schedule;runtime.findRunnable 35
runtime.goexit.abi0;runtime.main;main.main;runtime.asyncPreempt.abi0;runtime.mcall;runtime.gopreempt_m;runtime.goschedImpl;runtime.schedule;runtime.findRunnable 35
runtime.goexit.abi0;runtime.main;runtime.sigreturn.abi0;runtime.sigtramp.abi0;runtime.sigtrampgo;runtime.sighandler;runtime.doSigPreempt;runtime.isAsyncSafePoint 36
runtime.mstart.abi0;runtime.mstart0;runtime.mstart1;runtime.sysmon;__vdso_clock_gettime 36
runtime.goexit.abi0;runtime.main;runtime.sigreturn.abi0;runtime.sigtramp.abi0;runtime.sigtrampgo;runtime.sighandler;runtime.doSigPreempt;runtime.isAsyncSafePoint 36
runtime.goexit.abi0;runtime.main;main.main;runtime.asyncPreempt.abi0;runtime.mcall;runtime.gopreempt_m;runtime.lock2 37
runtime.goexit.abi0;runtime.main;runtime.sigreturn.abi0;runtime.sigtramp.abi0;runtime.sigtrampgo;runtime.sighandler;runtime.doSigPreempt 37
runtime.goexit.abi0;runtime.main;main.main;time.Since;runtime.sigreturn.abi0;runtime.sigtramp.abi0;runtime.sigtrampgo;runtime.adjustSignalStack 38
runtime.goexit.abi0;runtime.main;runtime.sigreturn.abi0;runtime.sigtramp.abi0;runtime.sigtrampgo;runtime.sighandler;runtime.doSigPreempt;runtime.isAsyncSafePoint;runtime.pcdatavalue2;runtime.pcvalue;runtime.step 39
runtime.goexit.abi0;runtime.main;runtime.sigreturn.abi0;runtime.sigtramp.abi0;runtime.sigtrampgo;runtime.sighandler;runtime.isAbortPC;runtime.findfunc 40
runtime.goexit.abi0;runtime.main;time.Now 41
runtime.goexit.abi0;runtime.main;runtime.sigreturn.abi0;runtime.sigtramp.abi0;runtime.sigtrampgo;runtime.sighandler;runtime.doSigPreempt;runtime.isAsyncSafePoint;runtime.findfunc 42
runtime.goexit.abi0;runtime.main;runtime.sigreturn.abi0;runtime.sigtramp.abi0;runtime.sigtrampgo 43
runtime.goexit.abi0;runtime.main;main.main;runtime.asyncPreempt.abi0;runtime.mcall;runtime.gopreempt_m;runtime.goschedImpl;runtime.schedule;runtime.execute;runtime.casgstatus 43
runtime.goexit.abi0;runtime.main;main.main;time.Since;runtime.sigreturn.abi0;runtime.sigtramp.abi0;runtime.sigtrampgo;runtime.sighandler;runtime.findfunc 45
runtime.goexit.abi0;runtime.main;runtime.sigreturn.abi0;runtime.sigtramp.abi0;runtime.setg.abi0 47
runtime.goexit.abi0;runtime.main;runtime.sigreturn.abi0;runtime.sigtramp.abi0;runtime.sigfwdgo 47
runtime.goexit.abi0;runtime.main;runtime.sigreturn.abi0;runtime.sigtramp.abi0;runtime.sigtrampgo;runtime.sighandler 48
runtime.goexit.abi0;runtime.main;main.main;runtime.asyncPreempt.abi0;runtime.mcall 48
runtime.goexit.abi0;runtime.main;runtime.sigreturn.abi0;runtime.sigtramp.abi0;runtime.sigtrampgo;runtime.sighandler 50
runtime.goexit.abi0;runtime.main;main.main;runtime.nanotime 51
runtime.goexit.abi0;runtime.main;main.main;runtime.asyncPreempt.abi0;runtime.mcall;runtime.gopreempt_m;runtime.schedule 51
runtime.goexit.abi0;runtime.main;main.main;time.Time.Sub 51
runtime.mstart.abi0;runtime.mstart0;runtime.mstart1;runtime.sysmon;runtime.retake 52
runtime.goexit.abi0;runtime.main;runtime.sigreturn.abi0;runtime.sigtramp.abi0;runtime.sigtrampgo;runtime.sighandler;runtime.doSigPreempt;runtime.isAsyncSafePoint 54
runtime.goexit.abi0;runtime.main;runtime.sigreturn.abi0;runtime.sigtramp.abi0;runtime.sigtrampgo;runtime.sighandler;runtime.isAbortPC 55
runtime.goexit.abi0;runtime.main;runtime.sigreturn.abi0;runtime.sigtramp.abi0;runtime.sigtrampgo;runtime.sighandler;runtime.doSigPreempt;runtime.isAsyncSafePoint;runtime.pcdatavalue2;runtime.pcvalue 56
runtime.goexit.abi0;runtime.main;runtime.sigreturn.abi0;runtime.sigtramp.abi0;runtime.sigtrampgo;runtime.sighandler;runtime.doSigPreempt;runtime.isAsyncSafePoint;runtime.pcdatavalue2;runtime.pcvalue 56
runtime.goexit.abi0;runtime.main;runtime.sigreturn.abi0;runtime.sigtramp.abi0;runtime.sigtrampgo;runtime.sighandler;runtime.isAbortPC;runtime.findfunc 57
runtime.mstart.abi0;runtime.mstart0;runtime.mstart1;runtime.usleep.abi0 57
runtime.goexit.abi0;runtime.main;main.main;runtime.asyncPreempt.abi0;runtime.mcall;runtime.gopreempt_m;runtime.goschedImpl;runtime.schedule;runtime.runqget 57
runtime.goexit.abi0;runtime.main;main.main;runtime.asyncPreempt.abi0;runtime.mcall;runtime.gopreempt_m;runtime.goschedImpl;runtime.schedule;runtime.findRunnable 58
runtime.goexit.abi0;runtime.main;runtime.sigreturn.abi0;runtime.sigtramp.abi0;runtime.sigtrampgo 62
runtime.goexit.abi0;runtime.main;main.main;time.Since;time.Time.Sub 63
runtime.goexit.abi0;runtime.main;main.main;runtime.asyncPreempt.abi0;runtime.mcall;runtime.gopreempt_m;runtime.goschedImpl;runtime.schedule;runtime.findRunnable 66
runtime.goexit.abi0;runtime.main;time.Now 67
runtime.goexit.abi0;runtime.main;main.main;runtime.asyncPreempt.abi0;runtime.mcall;runtime.gopreempt_m;runtime.goschedImpl;runtime.schedule;runtime.execute 67
runtime.goexit.abi0;runtime.main;main.main;runtime.asyncPreempt.abi0;runtime.mcall;runtime.gopreempt_m;runtime.goschedImpl;runtime.schedule;runtime.gogo.abi0 69
runtime.goexit.abi0;runtime.main;runtime.sigreturn.abi0;runtime.sigtramp.abi0;runtime.sigtrampgo;runtime.sighandler;runtime.doSigPreempt;runtime.isAsyncSafePoint;runtime.funcname;indexbytebody 69
runtime.goexit.abi0;runtime.main;runtime.sigreturn.abi0;runtime.sigtramp.abi0;runtime.sigtrampgo;runtime.sighandler;runtime.doSigPreempt 70
runtime.goexit.abi0;runtime.main;runtime.sigreturn.abi0;runtime.sigtramp.abi0;runtime.sigtrampgo;runtime.sigfwdgo 70
runtime.goexit.abi0;runtime.main;main.main;runtime.asyncPreempt.abi0;runtime.mcall;runtime.gopreempt_m;runtime.goschedImpl;runtime.schedule 70
runtime.goexit.abi0;runtime.main;runtime.sigreturn.abi0;runtime.sigtramp.abi0;runtime.sigtrampgo;runtime.sighandler;runtime.doSigPreempt;runtime.isAsyncSafePoint;runtime.funcname;indexbytebody 70
runtime.goexit.abi0;runtime.main;main.main;time.Now;time.now 73
runtime.goexit.abi0;runtime.main;runtime.sigreturn.abi0;runtime.sigtramp.abi0;runtime.sigtrampgo;runtime.doSigPreempt 74
runtime.goexit.abi0;runtime.main;main.main;runtime.asyncPreempt.abi0;runtime.mcall;runtime.gopreempt_m;runtime.goschedImpl;runtime.schedule;runtime.findRunnable 75
runtime.goexit.abi0;runtime.main;runtime.sigreturn.abi0;runtime.sigtramp.abi0;runtime.sigtrampgo;runtime.sighandler;runtime.doSigPreempt;runtime.findfunc 75
runtime.goexit.abi0;runtime.main;main.main;runtime.asyncPreempt.abi0 76
runtime.goexit.abi0;runtime.main;runtime.sigreturn.abi0;runtime.sigtramp.abi0;runtime.sigtrampgo;runtime.sighandler;runtime.doSigPreempt;runtime.isAsyncSafePoint;runtime.pcdatavalue2;runtime.pcvalue 76
runtime.goexit.abi0;runtime.main;runtime.sigreturn.abi0;runtime.sigtramp.abi0;runtime.sigtrampgo;runtime.sigsend 78
runtime.goexit.abi0;runtime.main;runtime.sigreturn.abi0;runtime.sigtramp.abi0;runtime.sigtrampgo;runtime.sighandler;runtime.doSigPreempt;runtime.isAsyncSafePoint;runtime.funcname;internal/bytealg.IndexByteString.abi0 78
runtime.goexit.abi0;runtime.main;runtime.sigreturn.abi0;runtime.sigtramp.abi0;runtime.sigtrampgo;runtime.sighandler;runtime.isAbortPC;runtime.findfunc 79
runtime.goexit.abi0;runtime.main;main.main;runtime.asyncPreempt.abi0;runtime.mcall;runtime.gopreempt_m 81
runtime.goexit.abi0;runtime.main;main.main;runtime.asyncPreempt.abi0;runtime.asyncPreempt2 86
